<?xml version="1.0" encoding="UTF-8"?>
<!-- Generated by org.testng.reporters.JUnitReportReporter -->
<testsuite skipped="0" hostname="LK-KAM" name="Test.Test" tests="1" failures="0" timestamp="05 Aug 2018 11:42:39 GMT" time="6.645" errors="0">
  <testcase name="test_Home_Page_Appear_Correct" time="6.645" classname="Test.Test"/>
</testsuite> <!-- Test.Test -->
