<?xml version="1.0" encoding="UTF-8"?>
<!-- Generated by org.testng.reporters.JUnitReportReporter -->
<testsuite hostname="LK-KAM" failures="0" tests="1" name="Runner.TestRunner" time="4.454" errors="0" timestamp="31 Aug 2018 17:13:26 GMT" skipped="0">
  <testcase classname="Runner.TestRunner" name="feature" time="4.454"/>
</testsuite> <!-- Runner.TestRunner -->
